[debug] > Exec(reload, None, None)
[debug] > Exec(sbtStashOnFailure, None, None)
[debug] > Exec(onFailure loadFailed, None, None)
[debug] > Exec(loadp, None, None)
[info] welcome to sbt 1.9.7 (Amazon.com Inc. Java 21.0.4)
[debug]             Load.defaultLoad until apply took 2.9639ms
[debug]                             Load.loadUnit: plugins took 21.4038ms
[debug]                             Load.loadUnit: defsScala took 0.0044ms
[debug] [Loading] Scanning directory C:\Users\juanp\Desktop\2024-2-ti1-discretossss\project\project
[debug] [Loading] Found non-root projects 
[debug] [Loading] Done in C:\Users\juanp\Desktop\2024-2-ti1-discretossss\project\project, returning: ()
[debug] deducing auto plugins based on known facts Set(Atom(sbt.plugins.CorePlugin)) and clauses Clauses(Clause(Atom(sbt.plugins.JvmPlugin),Set(Atom(sbt.plugins.IvyPlugin)))
[debug] Clause(Atom(sbt.ScriptedPlugin),Set(Atom(sbt.plugins.JvmPlugin)))
[debug] Clause(Atom(sbt.plugins.SbtPlugin),Set(Atom(sbt.ScriptedPlugin)))
[debug] Clause(Atom(sbt.plugins.SemanticdbPlugin),Set(Atom(sbt.plugins.JvmPlugin)))
[debug] Clause(Atom(sbt.plugins.JUnitXmlReportPlugin),Set(Atom(sbt.plugins.JvmPlugin)))
[debug] Clause(Atom(sbt.plugins.MiniDependencyTreePlugin),Set(Atom(sbt.plugins.JvmPlugin)))
[debug] Clause(Atom(sbt.plugins.CorePlugin),Set(Atom(sbt.plugins.IvyPlugin)))
[debug] Clause(Atom(sbt.plugins.IvyPlugin),Set(Atom(sbt.plugins.JvmPlugin)))
[debug] Clause(Atom(sbt.plugins.JvmPlugin),Set(Atom(sbt.plugins.SemanticdbPlugin)))
[debug] Clause(Atom(sbt.plugins.JvmPlugin),Set(Atom(sbt.plugins.JUnitXmlReportPlugin)))
[debug] Clause(Atom(sbt.plugins.CorePlugin),Set(Atom(sbt.plugins.Giter8TemplatePlugin)))
[debug] Clause(Atom(sbt.plugins.JvmPlugin),Set(Atom(sbt.plugins.MiniDependencyTreePlugin))))
[debug]   :: deduced result: Matched(sbt.plugins.CorePlugin,sbt.plugins.Giter8TemplatePlugin,sbt.plugins.IvyPlugin,sbt.plugins.JvmPlugin,sbt.plugins.MiniDependencyTreePlugin,sbt.plugins.JUnitXmlReportPlugin,sbt.plugins.SemanticdbPlugin)
[debug] Plugins.deducer#function took 1.3056 ms
[debug]                                 Load.resolveProject(root-2024-2-ti1-discretossss-build-build) took 1.7137ms
[debug]                               Load.loadTransitive: finalizeProject(Project(id root-2024-2-ti1-discretossss-build-build, base: C:\Users\juanp\Desktop\2024-2-ti1-discretossss\project\project, plugins: List(<none>))) took 3.5964ms
[debug] [Loading] Done in C:\Users\juanp\Desktop\2024-2-ti1-discretossss\project\project, returning: (root-2024-2-ti1-discretossss-build-build)
[debug]                             Load.loadUnit: loadedProjectsRaw took 5.7573ms
[debug]                             Load.loadUnit: cleanEvalClasses took 0.0143ms
[debug]                           Load.loadUnit(file:/C:/Users/juanp/Desktop/2024-2-ti1-discretossss/project/project/, ...) took 28.085ms
[debug]                         Load.apply: load took 29.555ms
[debug]                         Load.apply: resolveProjects took 0.2152ms
[debug]                         Load.apply: finalTransforms took 6.9519ms
[debug]                         Load.apply: config.delegates took 0.3226ms
[debug]                         Load.apply: Def.make(settings)... took 54.6371ms
[debug]                         Load.apply: structureIndex took 24.8993ms
[debug]                         Load.apply: mkStreams took 0.0031ms
[info] loading project definition from C:\Users\juanp\Desktop\2024-2-ti1-discretossss\project\project
[debug] Running task... Cancel: Signal, check cycles: false, forcegc: true
[debug]                       Load.loadUnit: plugins took 228.4162ms
[debug]                       Load.loadUnit: defsScala took 0.0026ms
[debug] [Loading] Scanning directory C:\Users\juanp\Desktop\2024-2-ti1-discretossss\project
[debug]                         Load.loadUnit: mkEval took 0.2025ms
[debug] [Loading] Found root project root w/ remaining 
[debug] deducing auto plugins based on known facts Set(Atom(sbt.plugins.CorePlugin)) and clauses Clauses(Clause(Atom(sbt.plugins.JvmPlugin),Set(Atom(sbt.plugins.IvyPlugin)))
[debug] Clause(Atom(sbt.ScriptedPlugin),Set(Atom(sbt.plugins.JvmPlugin)))
[debug] Clause(Atom(sbt.plugins.SbtPlugin),Set(Atom(sbt.ScriptedPlugin)))
[debug] Clause(Atom(sbt.plugins.SemanticdbPlugin),Set(Atom(sbt.plugins.JvmPlugin)))
[debug] Clause(Atom(sbt.plugins.JUnitXmlReportPlugin),Set(Atom(sbt.plugins.JvmPlugin)))
[debug] Clause(Atom(sbt.plugins.MiniDependencyTreePlugin),Set(Atom(sbt.plugins.JvmPlugin)))
[debug] Clause(Atom(sbt.plugins.CorePlugin),Set(Atom(sbt.plugins.IvyPlugin)))
[debug] Clause(Atom(sbt.plugins.IvyPlugin),Set(Atom(sbt.plugins.JvmPlugin)))
[debug] Clause(Atom(sbt.plugins.JvmPlugin),Set(Atom(sbt.plugins.SemanticdbPlugin)))
[debug] Clause(Atom(sbt.plugins.JvmPlugin),Set(Atom(sbt.plugins.JUnitXmlReportPlugin)))
[debug] Clause(Atom(sbt.plugins.CorePlugin),Set(Atom(sbt.plugins.Giter8TemplatePlugin)))
[debug] Clause(Atom(sbt.plugins.JvmPlugin),Set(Atom(sbt.plugins.MiniDependencyTreePlugin))))
[debug]   :: deduced result: Matched(sbt.plugins.CorePlugin,sbt.plugins.Giter8TemplatePlugin,sbt.plugins.IvyPlugin,sbt.plugins.JvmPlugin,sbt.plugins.MiniDependencyTreePlugin,sbt.plugins.JUnitXmlReportPlugin,sbt.plugins.SemanticdbPlugin)
[debug] Plugins.deducer#function took 1.754 ms
[info] loading settings for project root from build.sbt,idea.sbt ...
[debug]                           Load.resolveProject(root) took 6.8507ms
[debug]                         Load.loadTransitive: finalizeProject(Project(id root, base: C:\Users\juanp\Desktop\2024-2-ti1-discretossss\project, plugins: List(<none>))) took 9.0979ms
[debug] [Loading] Done in C:\Users\juanp\Desktop\2024-2-ti1-discretossss\project, returning: (root)
[debug]                       Load.loadUnit: loadedProjectsRaw took 62.8686ms
[debug]                       Load.loadUnit: cleanEvalClasses took 11.589ms
[debug]                     Load.loadUnit(file:/C:/Users/juanp/Desktop/2024-2-ti1-discretossss/project/, ...) took 303.676ms
[debug]                   Load.apply: load took 304.7328ms
[debug]                   Load.apply: resolveProjects took 0.0786ms
[debug]                   Load.apply: finalTransforms took 6.292ms
[debug]                   Load.apply: config.delegates took 0.3047ms
[debug]                   Load.apply: Def.make(settings)... took 40.4878ms
[debug]                   Load.apply: structureIndex took 19.3375ms
[debug]                   Load.apply: mkStreams took 0.0034ms
[info] loading project definition from C:\Users\juanp\Desktop\2024-2-ti1-discretossss\project
[debug] Running task... Cancel: Signal, check cycles: false, forcegc: true
[warn] 
[warn] 	Note: Some unresolved dependencies have extra attributes.  Check that these dependencies exist with the requested attributes.
[warn] 		org.jetbrains.scala:sbt-structure-extractor:2023.3.2 (sbtVersion=1.3, scalaVersion=2.13)
[warn] 		org.jetbrains.scala:sbt-idea-shell:2021.1.0 (sbtVersion=1.0, scalaVersion=2.13)
[warn] 		org.jetbrains.scala:sbt-idea-compiler-indices:1.0.14 (sbtVersion=1.0, scalaVersion=2.13)
[warn] 
[warn] 	Note: Unresolved dependencies path:
[error] sbt.librarymanagement.ResolveException: Error downloading org.jetbrains.scala:sbt-structure-extractor;sbtVersion=1.3;scalaVersion=2.13:2023.3.2
[error]   Not found
[error]   Not found
[error]   not found: https://repo1.maven.org/maven2/org/jetbrains/scala/sbt-structure-extractor_2.13_1.3/2023.3.2/sbt-structure-extractor-2023.3.2.pom
[error]   not found: C:\Users\juanp\.ivy2\localorg.jetbrains.scala\sbt-structure-extractor\scala_2.13\sbt_1.3\2023.3.2\ivys\ivy.xml
[error]   not found: C:\Users\juanp\AppData\Roaming\JetBrains\IntelliJIdea2023.3\plugins\Scala\repo\org\jetbrains\scala\sbt-structure-extractor_2.13_1.3\2023.3.2\sbt-structure-extractor-2023.3.2.pom
[error]   not found: https://repo.scala-sbt.org/scalasbt/sbt-plugin-releases/org.jetbrains.scala/sbt-structure-extractor/scala_2.13/sbt_1.3/2023.3.2/ivys/ivy.xml
[error]   not found: https://repo.typesafe.com/typesafe/ivy-releases/org.jetbrains.scala/sbt-structure-extractor/scala_2.13/sbt_1.3/2023.3.2/ivys/ivy.xml
[error] Error downloading org.jetbrains.scala:sbt-idea-shell;sbtVersion=1.0;scalaVersion=2.13:2021.1.0
[error]   Not found
[error]   Not found
[error]   not found: https://repo1.maven.org/maven2/org/jetbrains/scala/sbt-idea-shell_2.13_1.0/2021.1.0/sbt-idea-shell-2021.1.0.pom
[error]   not found: C:\Users\juanp\.ivy2\localorg.jetbrains.scala\sbt-idea-shell\scala_2.13\sbt_1.0\2021.1.0\ivys\ivy.xml
[error]   not found: C:\Users\juanp\AppData\Roaming\JetBrains\IntelliJIdea2023.3\plugins\Scala\repo\org\jetbrains\scala\sbt-idea-shell_2.13_1.0\2021.1.0\sbt-idea-shell-2021.1.0.pom
[error]   not found: https://repo.scala-sbt.org/scalasbt/sbt-plugin-releases/org.jetbrains.scala/sbt-idea-shell/scala_2.13/sbt_1.0/2021.1.0/ivys/ivy.xml
[error]   not found: https://repo.typesafe.com/typesafe/ivy-releases/org.jetbrains.scala/sbt-idea-shell/scala_2.13/sbt_1.0/2021.1.0/ivys/ivy.xml
[error] Error downloading org.jetbrains.scala:sbt-idea-compiler-indices;sbtVersion=1.0;scalaVersion=2.13:1.0.14
[error]   Not found
[error]   Not found
[error]   not found: https://repo1.maven.org/maven2/org/jetbrains/scala/sbt-idea-compiler-indices_2.13_1.0/1.0.14/sbt-idea-compiler-indices-1.0.14.pom
[error]   not found: C:\Users\juanp\.ivy2\localorg.jetbrains.scala\sbt-idea-compiler-indices\scala_2.13\sbt_1.0\1.0.14\ivys\ivy.xml
[error]   not found: C:\Users\juanp\AppData\Roaming\JetBrains\IntelliJIdea2023.3\plugins\Scala\repo\org\jetbrains\scala\sbt-idea-compiler-indices_2.13_1.0\1.0.14\sbt-idea-compiler-indices-1.0.14.pom
[error]   not found: https://repo.scala-sbt.org/scalasbt/sbt-plugin-releases/org.jetbrains.scala/sbt-idea-compiler-indices/scala_2.13/sbt_1.0/1.0.14/ivys/ivy.xml
[error]   not found: https://repo.typesafe.com/typesafe/ivy-releases/org.jetbrains.scala/sbt-idea-compiler-indices/scala_2.13/sbt_1.0/1.0.14/ivys/ivy.xml
[error] 	at lmcoursier.CoursierDependencyResolution.unresolvedWarningOrThrow(CoursierDependencyResolution.scala:344)
[error] 	at lmcoursier.CoursierDependencyResolution.$anonfun$update$38(CoursierDependencyResolution.scala:313)
[error] 	at scala.util.Either$LeftProjection.map(Either.scala:573)
[error] 	at lmcoursier.CoursierDependencyResolution.update(CoursierDependencyResolution.scala:313)
[error] 	at sbt.librarymanagement.DependencyResolution.update(DependencyResolution.scala:60)
[error] 	at sbt.internal.LibraryManagement$.resolve$1(LibraryManagement.scala:60)
[error] 	at sbt.internal.LibraryManagement$.$anonfun$cachedUpdate$12(LibraryManagement.scala:134)
[error] 	at sbt.util.Tracked$.$anonfun$lastOutput$1(Tracked.scala:74)
[error] 	at sbt.internal.LibraryManagement$.$anonfun$cachedUpdate$20(LibraryManagement.scala:147)
[error] 	at scala.util.control.Exception$Catch.apply(Exception.scala:228)
[error] 	at sbt.internal.LibraryManagement$.$anonfun$cachedUpdate$11(LibraryManagement.scala:147)
[error] 	at sbt.internal.LibraryManagement$.$anonfun$cachedUpdate$11$adapted(LibraryManagement.scala:128)
[error] 	at sbt.util.Tracked$.$anonfun$inputChangedW$1(Tracked.scala:220)
[error] 	at sbt.internal.LibraryManagement$.cachedUpdate(LibraryManagement.scala:161)
[error] 	at sbt.Classpaths$.$anonfun$updateTask0$1(Defaults.scala:3801)
[error] 	at scala.Function1.$anonfun$compose$1(Function1.scala:49)
[error] 	at sbt.internal.util.$tilde$greater.$anonfun$$u2219$1(TypeFunctions.scala:63)
[error] 	at sbt.std.Transform$$anon$4.work(Transform.scala:69)
[error] 	at sbt.Execute.$anonfun$submit$2(Execute.scala:283)
[error] 	at sbt.internal.util.ErrorHandling$.wideConvert(ErrorHandling.scala:24)
[error] 	at sbt.Execute.work(Execute.scala:292)
[error] 	at sbt.Execute.$anonfun$submit$1(Execute.scala:283)
[error] 	at sbt.ConcurrentRestrictions$$anon$4.$anonfun$submitValid$1(ConcurrentRestrictions.scala:265)
[error] 	at sbt.CompletionService$$anon$2.call(CompletionService.scala:65)
[error] 	at java.base/java.util.concurrent.FutureTask.run(FutureTask.java:317)
[error] 	at java.base/java.util.concurrent.Executors$RunnableAdapter.call(Executors.java:572)
[error] 	at java.base/java.util.concurrent.FutureTask.run(FutureTask.java:317)
[error] 	at java.base/java.util.concurrent.ThreadPoolExecutor.runWorker(ThreadPoolExecutor.java:1144)
[error] 	at java.base/java.util.concurrent.ThreadPoolExecutor$Worker.run(ThreadPoolExecutor.java:642)
[error] 	at java.base/java.lang.Thread.run(Thread.java:1583)
[error] (update) sbt.librarymanagement.ResolveException: Error downloading org.jetbrains.scala:sbt-structure-extractor;sbtVersion=1.3;scalaVersion=2.13:2023.3.2
[error]   Not found
[error]   Not found
[error]   not found: https://repo1.maven.org/maven2/org/jetbrains/scala/sbt-structure-extractor_2.13_1.3/2023.3.2/sbt-structure-extractor-2023.3.2.pom
[error]   not found: C:\Users\juanp\.ivy2\localorg.jetbrains.scala\sbt-structure-extractor\scala_2.13\sbt_1.3\2023.3.2\ivys\ivy.xml
[error]   not found: C:\Users\juanp\AppData\Roaming\JetBrains\IntelliJIdea2023.3\plugins\Scala\repo\org\jetbrains\scala\sbt-structure-extractor_2.13_1.3\2023.3.2\sbt-structure-extractor-2023.3.2.pom
[error]   not found: https://repo.scala-sbt.org/scalasbt/sbt-plugin-releases/org.jetbrains.scala/sbt-structure-extractor/scala_2.13/sbt_1.3/2023.3.2/ivys/ivy.xml
[error]   not found: https://repo.typesafe.com/typesafe/ivy-releases/org.jetbrains.scala/sbt-structure-extractor/scala_2.13/sbt_1.3/2023.3.2/ivys/ivy.xml
[error] Error downloading org.jetbrains.scala:sbt-idea-shell;sbtVersion=1.0;scalaVersion=2.13:2021.1.0
[error]   Not found
[error]   Not found
[error]   not found: https://repo1.maven.org/maven2/org/jetbrains/scala/sbt-idea-shell_2.13_1.0/2021.1.0/sbt-idea-shell-2021.1.0.pom
[error]   not found: C:\Users\juanp\.ivy2\localorg.jetbrains.scala\sbt-idea-shell\scala_2.13\sbt_1.0\2021.1.0\ivys\ivy.xml
[error]   not found: C:\Users\juanp\AppData\Roaming\JetBrains\IntelliJIdea2023.3\plugins\Scala\repo\org\jetbrains\scala\sbt-idea-shell_2.13_1.0\2021.1.0\sbt-idea-shell-2021.1.0.pom
[error]   not found: https://repo.scala-sbt.org/scalasbt/sbt-plugin-releases/org.jetbrains.scala/sbt-idea-shell/scala_2.13/sbt_1.0/2021.1.0/ivys/ivy.xml
[error]   not found: https://repo.typesafe.com/typesafe/ivy-releases/org.jetbrains.scala/sbt-idea-shell/scala_2.13/sbt_1.0/2021.1.0/ivys/ivy.xml
[error] Error downloading org.jetbrains.scala:sbt-idea-compiler-indices;sbtVersion=1.0;scalaVersion=2.13:1.0.14
[error]   Not found
[error]   Not found
[error]   not found: https://repo1.maven.org/maven2/org/jetbrains/scala/sbt-idea-compiler-indices_2.13_1.0/1.0.14/sbt-idea-compiler-indices-1.0.14.pom
[error]   not found: C:\Users\juanp\.ivy2\localorg.jetbrains.scala\sbt-idea-compiler-indices\scala_2.13\sbt_1.0\1.0.14\ivys\ivy.xml
[error]   not found: C:\Users\juanp\AppData\Roaming\JetBrains\IntelliJIdea2023.3\plugins\Scala\repo\org\jetbrains\scala\sbt-idea-compiler-indices_2.13_1.0\1.0.14\sbt-idea-compiler-indices-1.0.14.pom
[error]   not found: https://repo.scala-sbt.org/scalasbt/sbt-plugin-releases/org.jetbrains.scala/sbt-idea-compiler-indices/scala_2.13/sbt_1.0/1.0.14/ivys/ivy.xml
[error]   not found: https://repo.typesafe.com/typesafe/ivy-releases/org.jetbrains.scala/sbt-idea-compiler-indices/scala_2.13/sbt_1.0/1.0.14/ivys/ivy.xml
[debug] > Exec(loadFailed, None, None)
[warn] Project loading failed: (r)etry, (q)uit, (l)ast, or (i)gnore? (default: r)
